   1                             	r8	=	0xffef0
   2                             	r16	=	0xffee8
   3                             	r24	=	0xffee0
   4                             	r9	=	0xffef1
   5                             	r17	=	0xffee9
   6                             	r25	=	0xffee1
   7                             	r10	=	0xffef2
   8                             	r18	=	0xffeea
   9                             	r26	=	0xffee2
  10                             	r11	=	0xffef3
  11                             	r19	=	0xffeeb
  12                             	r27	=	0xffee3
  13                             	r12	=	0xffef4
  14                             	r20	=	0xffeec
  15                             	r28	=	0xffee4
  16                             	r13	=	0xffef5
  17                             	r21	=	0xffeed
  18                             	r29	=	0xffee5
  19                             	r14	=	0xffef6
  20                             	r22	=	0xffeee
  21                             	r30	=	0xffee6
  22                             	r15	=	0xffef7
  23                             	r23	=	0xffeef
  24                             	r31	=	0xffee7
  25                             	MDUC	=	0xf00e8
  26                             	MDAL	=	0xffff0
  27                             	MDAH	=	0xffff2
  28                             	MDBL	=	0xffff6
  29                             	MDBH	=	0xffff4
  30                             	MDCL	=	0xf00e0
  31                             	MDCH	=	0xf00e2
  32                             	.text
  33                             	.Ltext0:
  34                             		.global	_R_PORT_Create
  36                             	_R_PORT_Create:
  37                             	.LFB0:
  38                             		.file 1 "../src/r_cg_port.c"
   1:../src/r_cg_port.c **** /**************************************************************************************************
   2:../src/r_cg_port.c **** * DISCLAIMER
   3:../src/r_cg_port.c **** * This software is supplied by Renesas Electronics Corporation and is only intended for use with Re
   4:../src/r_cg_port.c **** * No other uses are authorized. This software is owned by Renesas Electronics Corporation and is pr
   5:../src/r_cg_port.c **** * applicable laws, including copyright laws. 
   6:../src/r_cg_port.c **** * THIS SOFTWARE IS PROVIDED "AS IS" AND RENESAS MAKES NO WARRANTIESREGARDING THIS SOFTWARE, WHETHER
   7:../src/r_cg_port.c **** * OR STATUTORY, INCLUDING BUT NOT LIMITED TO WARRANTIES OF MERCHANTABILITY, FITNESS FOR A PARTICULA
   8:../src/r_cg_port.c **** * NON-INFRINGEMENT.  ALL SUCH WARRANTIES ARE EXPRESSLY DISCLAIMED.TO THE MAXIMUM EXTENT PERMITTED N
   9:../src/r_cg_port.c **** * LAW, NEITHER RENESAS ELECTRONICS CORPORATION NOR ANY OF ITS AFFILIATED COMPANIES SHALL BE LIABLE 
  10:../src/r_cg_port.c **** * INDIRECT, SPECIAL, INCIDENTAL OR CONSEQUENTIAL DAMAGES FOR ANY REASON RELATED TO THIS SOFTWARE, E
  11:../src/r_cg_port.c **** * ITS AFFILIATES HAVE BEEN ADVISED OF THE POSSIBILITY OF SUCH DAMAGES.
  12:../src/r_cg_port.c **** * Renesas reserves the right, without notice, to make changes to this software and to discontinue t
  13:../src/r_cg_port.c **** * of this software. By using this software, you agree to the additional terms and conditions found 
  14:../src/r_cg_port.c **** * following link:
  15:../src/r_cg_port.c **** * http://www.renesas.com/disclaimer
  16:../src/r_cg_port.c **** *
  17:../src/r_cg_port.c **** * Copyright (C) 2011, 2016 Renesas Electronics Corporation. All rights reserved.
  18:../src/r_cg_port.c **** ***************************************************************************************************
  19:../src/r_cg_port.c **** 
  20:../src/r_cg_port.c **** /**************************************************************************************************
  21:../src/r_cg_port.c **** * File Name    : r_cg_port.c
  22:../src/r_cg_port.c **** * Version      : CodeGenerator for RL78/G13 V2.03.04.01 [11 Nov 2016]
  23:../src/r_cg_port.c **** * Device(s)    : R5F100AC
  24:../src/r_cg_port.c **** * Tool-Chain   : GCCRL78
  25:../src/r_cg_port.c **** * Description  : This file implements device driver for PORT module.
  26:../src/r_cg_port.c **** * Creation Date: 7/11/2018
  27:../src/r_cg_port.c **** ***************************************************************************************************
  28:../src/r_cg_port.c **** 
  29:../src/r_cg_port.c **** /**************************************************************************************************
  30:../src/r_cg_port.c **** Includes
  31:../src/r_cg_port.c **** ***************************************************************************************************
  32:../src/r_cg_port.c **** #include "r_cg_macrodriver.h"
  33:../src/r_cg_port.c **** #include "r_cg_port.h"
  34:../src/r_cg_port.c **** /* Start user code for include. Do not edit comment generated here */
  35:../src/r_cg_port.c **** /* End user code. Do not edit comment generated here */
  36:../src/r_cg_port.c **** #include "r_cg_userdefine.h"
  37:../src/r_cg_port.c **** 
  38:../src/r_cg_port.c **** /**************************************************************************************************
  39:../src/r_cg_port.c **** Global variables and functions
  40:../src/r_cg_port.c **** ***************************************************************************************************
  41:../src/r_cg_port.c **** /* Start user code for global. Do not edit comment generated here */
  42:../src/r_cg_port.c **** /* End user code. Do not edit comment generated here */
  43:../src/r_cg_port.c **** 
  44:../src/r_cg_port.c **** /**************************************************************************************************
  45:../src/r_cg_port.c **** * Function Name: R_PORT_Create
  46:../src/r_cg_port.c **** * Description  : This function initializes the Port I/O.
  47:../src/r_cg_port.c **** * Arguments    : None
  48:../src/r_cg_port.c **** * Return Value : None
  49:../src/r_cg_port.c **** ***************************************************************************************************
  50:../src/r_cg_port.c **** void R_PORT_Create(void)
  51:../src/r_cg_port.c **** {
  39                             		.loc 1 51 0
  52:../src/r_cg_port.c ****     P1 = _00_Pn0_OUTPUT_0 | _00_Pn1_OUTPUT_0 | _00_Pn5_OUTPUT_0 | _00_Pn6_OUTPUT_0 | _00_Pn7_OUTPUT
  40                             		.loc 1 52 0
  41 0000 C9 F0 01 FF             		movw	r8, #-255
  42 0004 AD F0                   		movw	ax, r8
  43 0006 BD F2                   		movw	r10, ax
  44 0008 EA F2                   		movw	de, r10
  45 000a F1                      		clrb	a
  46 000b 99                      		mov	[de], a
  53:../src/r_cg_port.c ****     P2 = _00_Pn0_OUTPUT_0 | _00_Pn1_OUTPUT_0 | _00_Pn2_OUTPUT_0 | _00_Pn3_OUTPUT_0;
  47                             		.loc 1 53 0
  48 000c C9 F0 02 FF             		movw	r8, #-254
  49 0010 AD F0                   		movw	ax, r8
  50 0012 BD F2                   		movw	r10, ax
  51 0014 EA F2                   		movw	de, r10
  52 0016 F1                      		clrb	a
  53 0017 99                      		mov	[de], a
  54:../src/r_cg_port.c ****     P3 = _00_Pn0_OUTPUT_0;
  54                             		.loc 1 54 0
  55 0018 C9 F0 03 FF             		movw	r8, #-253
  56 001c AD F0                   		movw	ax, r8
  57 001e BD F2                   		movw	r10, ax
  58 0020 EA F2                   		movw	de, r10
  59 0022 F1                      		clrb	a
  60 0023 99                      		mov	[de], a
  55:../src/r_cg_port.c ****     P5 = _00_Pn1_OUTPUT_0;
  61                             		.loc 1 55 0
  62 0024 C9 F0 05 FF             		movw	r8, #-251
  63 0028 AD F0                   		movw	ax, r8
  64 002a BD F2                   		movw	r10, ax
  65 002c EA F2                   		movw	de, r10
  66 002e F1                      		clrb	a
  67 002f 99                      		mov	[de], a
  56:../src/r_cg_port.c ****     P12 = _00_Pn0_OUTPUT_0;
  68                             		.loc 1 56 0
  69 0030 C9 F0 0C FF             		movw	r8, #-244
  70 0034 AD F0                   		movw	ax, r8
  71 0036 BD F2                   		movw	r10, ax
  72 0038 EA F2                   		movw	de, r10
  73 003a F1                      		clrb	a
  74 003b 99                      		mov	[de], a
  57:../src/r_cg_port.c ****     P14 = _00_Pn7_OUTPUT_0;
  75                             		.loc 1 57 0
  76 003c C9 F0 0E FF             		movw	r8, #-242
  77 0040 AD F0                   		movw	ax, r8
  78 0042 BD F2                   		movw	r10, ax
  79 0044 EA F2                   		movw	de, r10
  80 0046 F1                      		clrb	a
  81 0047 99                      		mov	[de], a
  58:../src/r_cg_port.c ****     PMC12 = _00_PMCn0_DI_ON | _FE_PMC12_DEFAULT;
  82                             		.loc 1 58 0
  83 0048 C9 F0 6C 00             		movw	r8, #108
  84 004c AD F0                   		movw	ax, r8
  85 004e BD F2                   		movw	r10, ax
  86 0050 EA F2                   		movw	de, r10
  87 0052 51 FE                   		mov	a, #-2
  88 0054 99                      		mov	[de], a
  59:../src/r_cg_port.c ****     PMC14 = _00_PMCn7_DI_ON | _7F_PMC14_DEFAULT;
  89                             		.loc 1 59 0
  90 0055 C9 F0 6E 00             		movw	r8, #110
  91 0059 AD F0                   		movw	ax, r8
  92 005b BD F2                   		movw	r10, ax
  93 005d EA F2                   		movw	de, r10
  94 005f 51 7F                   		mov	a, #127
  95 0061 99                      		mov	[de], a
  60:../src/r_cg_port.c ****     ADPC = _01_ADPC_DI_ON;
  96                             		.loc 1 60 0
  97 0062 C9 F0 76 00             		movw	r8, #118
  98 0066 AD F0                   		movw	ax, r8
  99 0068 BD F2                   		movw	r10, ax
 100 006a EA F2                   		movw	de, r10
 101 006c E1                      		oneb	a
 102 006d 99                      		mov	[de], a
  61:../src/r_cg_port.c ****     PM1 = _00_PMn0_MODE_OUTPUT | _00_PMn1_MODE_OUTPUT | _04_PMn2_NOT_USE | _08_PMn3_NOT_USE | _10_P
 103                             		.loc 1 61 0
 104 006e C9 F0 21 FF             		movw	r8, #-223
 105 0072 AD F0                   		movw	ax, r8
 106 0074 BD F2                   		movw	r10, ax
 107 0076 EA F2                   		movw	de, r10
 108 0078 51 1C                   		mov	a, #28
 109 007a 99                      		mov	[de], a
  62:../src/r_cg_port.c ****           _00_PMn5_MODE_OUTPUT | _00_PMn6_MODE_OUTPUT | _00_PMn7_MODE_OUTPUT;
  63:../src/r_cg_port.c ****     PM2 = _00_PMn0_MODE_OUTPUT | _00_PMn1_MODE_OUTPUT | _00_PMn2_MODE_OUTPUT | _00_PMn3_MODE_OUTPUT
 110                             		.loc 1 63 0
 111 007b C9 F0 22 FF             		movw	r8, #-222
 112 007f AD F0                   		movw	ax, r8
 113 0081 BD F2                   		movw	r10, ax
 114 0083 EA F2                   		movw	de, r10
 115 0085 51 F0                   		mov	a, #-16
 116 0087 99                      		mov	[de], a
  64:../src/r_cg_port.c ****     PM3 = _00_PMn0_MODE_OUTPUT | _02_PMn1_MODE_INPUT | _FC_PM3_DEFAULT;
 117                             		.loc 1 64 0
 118 0088 C9 F0 23 FF             		movw	r8, #-221
 119 008c AD F0                   		movw	ax, r8
 120 008e BD F2                   		movw	r10, ax
 121 0090 EA F2                   		movw	de, r10
 122 0092 51 FE                   		mov	a, #-2
 123 0094 99                      		mov	[de], a
  65:../src/r_cg_port.c ****     PM5 = _01_PMn0_NOT_USE | _00_PMn1_MODE_OUTPUT | _FC_PM5_DEFAULT;
 124                             		.loc 1 65 0
 125 0095 C9 F0 25 FF             		movw	r8, #-219
 126 0099 AD F0                   		movw	ax, r8
 127 009b BD F2                   		movw	r10, ax
 128 009d EA F2                   		movw	de, r10
 129 009f 51 FD                   		mov	a, #-3
 130 00a1 99                      		mov	[de], a
  66:../src/r_cg_port.c ****     PM12 = _00_PMn0_MODE_OUTPUT | _FE_PM12_DEFAULT;
 131                             		.loc 1 66 0
 132 00a2 C9 F0 2C FF             		movw	r8, #-212
 133 00a6 AD F0                   		movw	ax, r8
 134 00a8 BD F2                   		movw	r10, ax
 135 00aa EA F2                   		movw	de, r10
 136 00ac 51 FE                   		mov	a, #-2
 137 00ae 99                      		mov	[de], a
  67:../src/r_cg_port.c ****     PM14 = _00_PMn7_MODE_OUTPUT | _7F_PM14_DEFAULT;
 138                             		.loc 1 67 0
 139 00af C9 F0 2E FF             		movw	r8, #-210
 140 00b3 AD F0                   		movw	ax, r8
 141 00b5 BD F2                   		movw	r10, ax
 142 00b7 EA F2                   		movw	de, r10
 143 00b9 51 7F                   		mov	a, #127
 144 00bb 99                      		mov	[de], a
  68:../src/r_cg_port.c **** }
 145                             		.loc 1 68 0
 146 00bc D7                      		ret
 147                             	.LFE0:
 175                             	.Letext0:
 176                             		.file 2 "../src/iodefine.h"
 177                             		.file 3 "../src/iodefine_ext.h"
