   1                             	r8	=	0xffef0
   2                             	r16	=	0xffee8
   3                             	r24	=	0xffee0
   4                             	r9	=	0xffef1
   5                             	r17	=	0xffee9
   6                             	r25	=	0xffee1
   7                             	r10	=	0xffef2
   8                             	r18	=	0xffeea
   9                             	r26	=	0xffee2
  10                             	r11	=	0xffef3
  11                             	r19	=	0xffeeb
  12                             	r27	=	0xffee3
  13                             	r12	=	0xffef4
  14                             	r20	=	0xffeec
  15                             	r28	=	0xffee4
  16                             	r13	=	0xffef5
  17                             	r21	=	0xffeed
  18                             	r29	=	0xffee5
  19                             	r14	=	0xffef6
  20                             	r22	=	0xffeee
  21                             	r30	=	0xffee6
  22                             	r15	=	0xffef7
  23                             	r23	=	0xffeef
  24                             	r31	=	0xffee7
  25                             	MDUC	=	0xf00e8
  26                             	MDAL	=	0xffff0
  27                             	MDAH	=	0xffff2
  28                             	MDBL	=	0xffff6
  29                             	MDBH	=	0xffff4
  30                             	MDCL	=	0xf00e0
  31                             	MDCH	=	0xf00e2
  32                             	.text
  33                             	.Ltext0:
  34                             		.global	_R_WDT_Create
  36                             	_R_WDT_Create:
  37                             	.LFB0:
  38                             		.file 1 "../src/r_cg_wdt.c"
   1:../src/r_cg_wdt.c **** /**************************************************************************************************
   2:../src/r_cg_wdt.c **** * DISCLAIMER
   3:../src/r_cg_wdt.c **** * This software is supplied by Renesas Electronics Corporation and is only intended for use with Re
   4:../src/r_cg_wdt.c **** * No other uses are authorized. This software is owned by Renesas Electronics Corporation and is pr
   5:../src/r_cg_wdt.c **** * applicable laws, including copyright laws. 
   6:../src/r_cg_wdt.c **** * THIS SOFTWARE IS PROVIDED "AS IS" AND RENESAS MAKES NO WARRANTIESREGARDING THIS SOFTWARE, WHETHER
   7:../src/r_cg_wdt.c **** * OR STATUTORY, INCLUDING BUT NOT LIMITED TO WARRANTIES OF MERCHANTABILITY, FITNESS FOR A PARTICULA
   8:../src/r_cg_wdt.c **** * NON-INFRINGEMENT.  ALL SUCH WARRANTIES ARE EXPRESSLY DISCLAIMED.TO THE MAXIMUM EXTENT PERMITTED N
   9:../src/r_cg_wdt.c **** * LAW, NEITHER RENESAS ELECTRONICS CORPORATION NOR ANY OF ITS AFFILIATED COMPANIES SHALL BE LIABLE 
  10:../src/r_cg_wdt.c **** * INDIRECT, SPECIAL, INCIDENTAL OR CONSEQUENTIAL DAMAGES FOR ANY REASON RELATED TO THIS SOFTWARE, E
  11:../src/r_cg_wdt.c **** * ITS AFFILIATES HAVE BEEN ADVISED OF THE POSSIBILITY OF SUCH DAMAGES.
  12:../src/r_cg_wdt.c **** * Renesas reserves the right, without notice, to make changes to this software and to discontinue t
  13:../src/r_cg_wdt.c **** * of this software. By using this software, you agree to the additional terms and conditions found 
  14:../src/r_cg_wdt.c **** * following link:
  15:../src/r_cg_wdt.c **** * http://www.renesas.com/disclaimer
  16:../src/r_cg_wdt.c **** *
  17:../src/r_cg_wdt.c **** * Copyright (C) 2011, 2016 Renesas Electronics Corporation. All rights reserved.
  18:../src/r_cg_wdt.c **** ***************************************************************************************************
  19:../src/r_cg_wdt.c **** 
  20:../src/r_cg_wdt.c **** /**************************************************************************************************
  21:../src/r_cg_wdt.c **** * File Name    : r_cg_wdt.c
  22:../src/r_cg_wdt.c **** * Version      : CodeGenerator for RL78/G13 V2.03.04.01 [11 Nov 2016]
  23:../src/r_cg_wdt.c **** * Device(s)    : R5F100AC
  24:../src/r_cg_wdt.c **** * Tool-Chain   : GCCRL78
  25:../src/r_cg_wdt.c **** * Description  : This file implements device driver for WDT module.
  26:../src/r_cg_wdt.c **** * Creation Date: 7/11/2018
  27:../src/r_cg_wdt.c **** ***************************************************************************************************
  28:../src/r_cg_wdt.c **** 
  29:../src/r_cg_wdt.c **** /**************************************************************************************************
  30:../src/r_cg_wdt.c **** Includes
  31:../src/r_cg_wdt.c **** ***************************************************************************************************
  32:../src/r_cg_wdt.c **** #include "r_cg_macrodriver.h"
  33:../src/r_cg_wdt.c **** #include "r_cg_wdt.h"
  34:../src/r_cg_wdt.c **** /* Start user code for include. Do not edit comment generated here */
  35:../src/r_cg_wdt.c **** /* End user code. Do not edit comment generated here */
  36:../src/r_cg_wdt.c **** #include "r_cg_userdefine.h"
  37:../src/r_cg_wdt.c **** 
  38:../src/r_cg_wdt.c **** /**************************************************************************************************
  39:../src/r_cg_wdt.c **** Global variables and functions
  40:../src/r_cg_wdt.c **** ***************************************************************************************************
  41:../src/r_cg_wdt.c **** /* Start user code for global. Do not edit comment generated here */
  42:../src/r_cg_wdt.c **** /* End user code. Do not edit comment generated here */
  43:../src/r_cg_wdt.c **** 
  44:../src/r_cg_wdt.c **** /**************************************************************************************************
  45:../src/r_cg_wdt.c **** * Function Name: R_WDT_Create
  46:../src/r_cg_wdt.c **** * Description  : This function initializes the watchdogtimer.
  47:../src/r_cg_wdt.c **** * Arguments    : None
  48:../src/r_cg_wdt.c **** * Return Value : None
  49:../src/r_cg_wdt.c **** ***************************************************************************************************
  50:../src/r_cg_wdt.c **** void R_WDT_Create(void)
  51:../src/r_cg_wdt.c **** {
  39                             		.loc 1 51 0
  52:../src/r_cg_wdt.c ****     WDTIMK = 1U;    /* disable INTWDTI interrupt */
  40                             		.loc 1 52 0
  41 0000 C9 F0 E4 FF             		movw	r8, #-28
  42 0004 AD F0                   		movw	ax, r8
  43 0006 BD F2                   		movw	r10, ax
  44 0008 FA F2                   		movw	hl, r10
  45 000a 71 82                   		set1	[hl].0 ;insvmisalignqi [hl],#1,#0,#1 {0}
  53:../src/r_cg_wdt.c ****     WDTIIF = 0U;    /* clear INTWDTI interrupt flag */
  46                             		.loc 1 53 0
  47 000c C9 F0 E0 FF             		movw	r8, #-32
  48 0010 AD F0                   		movw	ax, r8
  49 0012 BD F2                   		movw	r10, ax
  50 0014 FA F2                   		movw	hl, r10
  51 0016 71 83                   		clr1	[hl].0 ;insvmisalignqi [hl],#1,#0,#0 {0}
  54:../src/r_cg_wdt.c ****     /* Set INTWDTI low priority */
  55:../src/r_cg_wdt.c ****     WDTIPR1 = 1U;
  52                             		.loc 1 55 0
  53 0018 C9 F0 EC FF             		movw	r8, #-20
  54 001c AD F0                   		movw	ax, r8
  55 001e BD F2                   		movw	r10, ax
  56 0020 FA F2                   		movw	hl, r10
  57 0022 71 82                   		set1	[hl].0 ;insvmisalignqi [hl],#1,#0,#1 {0}
  56:../src/r_cg_wdt.c ****     WDTIPR0 = 1U;
  58                             		.loc 1 56 0
  59 0024 C9 F0 E8 FF             		movw	r8, #-24
  60 0028 AD F0                   		movw	ax, r8
  61 002a BD F2                   		movw	r10, ax
  62 002c FA F2                   		movw	hl, r10
  63 002e 71 82                   		set1	[hl].0 ;insvmisalignqi [hl],#1,#0,#1 {0}
  57:../src/r_cg_wdt.c ****     WDTIMK = 0U;    /* enable INTWDTI interrupt */
  64                             		.loc 1 57 0
  65 0030 C9 F0 E4 FF             		movw	r8, #-28
  66 0034 AD F0                   		movw	ax, r8
  67 0036 BD F2                   		movw	r10, ax
  68 0038 FA F2                   		movw	hl, r10
  69 003a 71 83                   		clr1	[hl].0 ;insvmisalignqi [hl],#1,#0,#0 {0}
  58:../src/r_cg_wdt.c **** }
  70                             		.loc 1 58 0
  71 003c D7                      		ret
  72                             	.LFE0:
  74                             		.global	_R_WDT_Restart
  76                             	_R_WDT_Restart:
  77                             	.LFB1:
  59:../src/r_cg_wdt.c **** 
  60:../src/r_cg_wdt.c **** /**************************************************************************************************
  61:../src/r_cg_wdt.c **** * Function Name: R_WDT_Restart
  62:../src/r_cg_wdt.c **** * Description  : This function restarts the watchdog timer.
  63:../src/r_cg_wdt.c **** * Arguments    : None
  64:../src/r_cg_wdt.c **** * Return Value : None
  65:../src/r_cg_wdt.c **** ***************************************************************************************************
  66:../src/r_cg_wdt.c **** void R_WDT_Restart(void)
  67:../src/r_cg_wdt.c **** {
  78                             		.loc 1 67 0
  68:../src/r_cg_wdt.c ****     WDTE = 0xACU;     /* restart watchdog timer */
  79                             		.loc 1 68 0
  80 003d C9 F0 AB FF             		movw	r8, #-85
  81 0041 AD F0                   		movw	ax, r8
  82 0043 BD F2                   		movw	r10, ax
  83 0045 EA F2                   		movw	de, r10
  84 0047 51 AC                   		mov	a, #-84
  85 0049 99                      		mov	[de], a
  69:../src/r_cg_wdt.c **** }
  86                             		.loc 1 69 0
  87 004a D7                      		ret
  88                             	.LFE1:
 124                             	.Letext0:
 125                             		.file 2 "../src/iodefine.h"
