   1                             	r8	=	0xffef0
   2                             	r16	=	0xffee8
   3                             	r24	=	0xffee0
   4                             	r9	=	0xffef1
   5                             	r17	=	0xffee9
   6                             	r25	=	0xffee1
   7                             	r10	=	0xffef2
   8                             	r18	=	0xffeea
   9                             	r26	=	0xffee2
  10                             	r11	=	0xffef3
  11                             	r19	=	0xffeeb
  12                             	r27	=	0xffee3
  13                             	r12	=	0xffef4
  14                             	r20	=	0xffeec
  15                             	r28	=	0xffee4
  16                             	r13	=	0xffef5
  17                             	r21	=	0xffeed
  18                             	r29	=	0xffee5
  19                             	r14	=	0xffef6
  20                             	r22	=	0xffeee
  21                             	r30	=	0xffee6
  22                             	r15	=	0xffef7
  23                             	r23	=	0xffeef
  24                             	r31	=	0xffee7
  25                             	MDUC	=	0xf00e8
  26                             	MDAL	=	0xffff0
  27                             	MDAH	=	0xffff2
  28                             	MDBL	=	0xffff6
  29                             	MDBH	=	0xffff4
  30                             	MDCL	=	0xf00e0
  31                             	MDCH	=	0xf00e2
  32                             	.text
  33                             	.Ltext0:
  34                             		.global	_r_tau0_channel0_interrupt
  36                             	_r_tau0_channel0_interrupt:
  37                             	.LFB0:
  38                             		.file 1 "../src/r_cg_timer_user.c"
   1:../src/r_cg_timer_user.c **** /**************************************************************************************************
   2:../src/r_cg_timer_user.c **** * DISCLAIMER
   3:../src/r_cg_timer_user.c **** * This software is supplied by Renesas Electronics Corporation and is only intended for use with Re
   4:../src/r_cg_timer_user.c **** * No other uses are authorized. This software is owned by Renesas Electronics Corporation and is pr
   5:../src/r_cg_timer_user.c **** * applicable laws, including copyright laws. 
   6:../src/r_cg_timer_user.c **** * THIS SOFTWARE IS PROVIDED "AS IS" AND RENESAS MAKES NO WARRANTIESREGARDING THIS SOFTWARE, WHETHER
   7:../src/r_cg_timer_user.c **** * OR STATUTORY, INCLUDING BUT NOT LIMITED TO WARRANTIES OF MERCHANTABILITY, FITNESS FOR A PARTICULA
   8:../src/r_cg_timer_user.c **** * NON-INFRINGEMENT.  ALL SUCH WARRANTIES ARE EXPRESSLY DISCLAIMED.TO THE MAXIMUM EXTENT PERMITTED N
   9:../src/r_cg_timer_user.c **** * LAW, NEITHER RENESAS ELECTRONICS CORPORATION NOR ANY OF ITS AFFILIATED COMPANIES SHALL BE LIABLE 
  10:../src/r_cg_timer_user.c **** * INDIRECT, SPECIAL, INCIDENTAL OR CONSEQUENTIAL DAMAGES FOR ANY REASON RELATED TO THIS SOFTWARE, E
  11:../src/r_cg_timer_user.c **** * ITS AFFILIATES HAVE BEEN ADVISED OF THE POSSIBILITY OF SUCH DAMAGES.
  12:../src/r_cg_timer_user.c **** * Renesas reserves the right, without notice, to make changes to this software and to discontinue t
  13:../src/r_cg_timer_user.c **** * of this software. By using this software, you agree to the additional terms and conditions found 
  14:../src/r_cg_timer_user.c **** * following link:
  15:../src/r_cg_timer_user.c **** * http://www.renesas.com/disclaimer
  16:../src/r_cg_timer_user.c **** *
  17:../src/r_cg_timer_user.c **** * Copyright (C) 2011, 2016 Renesas Electronics Corporation. All rights reserved.
  18:../src/r_cg_timer_user.c **** ***************************************************************************************************
  19:../src/r_cg_timer_user.c **** 
  20:../src/r_cg_timer_user.c **** /**************************************************************************************************
  21:../src/r_cg_timer_user.c **** * File Name    : r_cg_timer_user.c
  22:../src/r_cg_timer_user.c **** * Version      : CodeGenerator for RL78/G13 V2.03.04.01 [11 Nov 2016]
  23:../src/r_cg_timer_user.c **** * Device(s)    : R5F100AC
  24:../src/r_cg_timer_user.c **** * Tool-Chain   : GCCRL78
  25:../src/r_cg_timer_user.c **** * Description  : This file implements device driver for TAU module.
  26:../src/r_cg_timer_user.c **** * Creation Date: 7/11/2018
  27:../src/r_cg_timer_user.c **** ***************************************************************************************************
  28:../src/r_cg_timer_user.c **** 
  29:../src/r_cg_timer_user.c **** /**************************************************************************************************
  30:../src/r_cg_timer_user.c **** Includes
  31:../src/r_cg_timer_user.c **** ***************************************************************************************************
  32:../src/r_cg_timer_user.c **** #include "r_cg_macrodriver.h"
  33:../src/r_cg_timer_user.c **** #include "r_cg_timer.h"
  34:../src/r_cg_timer_user.c **** /* Start user code for include. Do not edit comment generated here */
  35:../src/r_cg_timer_user.c **** /* End user code. Do not edit comment generated here */
  36:../src/r_cg_timer_user.c **** #include "r_cg_userdefine.h"
  37:../src/r_cg_timer_user.c **** 
  38:../src/r_cg_timer_user.c **** /**************************************************************************************************
  39:../src/r_cg_timer_user.c **** Global variables and functions
  40:../src/r_cg_timer_user.c **** ***************************************************************************************************
  41:../src/r_cg_timer_user.c **** /* Start user code for global. Do not edit comment generated here */
  42:../src/r_cg_timer_user.c **** extern int tick;
  43:../src/r_cg_timer_user.c **** extern int OWtimer;
  44:../src/r_cg_timer_user.c **** /* End user code. Do not edit comment generated here */
  45:../src/r_cg_timer_user.c **** 
  46:../src/r_cg_timer_user.c **** /**************************************************************************************************
  47:../src/r_cg_timer_user.c **** * Function Name: r_tau0_channel0_interrupt
  48:../src/r_cg_timer_user.c **** * Description  : This function is INTTM00 interrupt service routine.
  49:../src/r_cg_timer_user.c **** * Arguments    : None
  50:../src/r_cg_timer_user.c **** * Return Value : None
  51:../src/r_cg_timer_user.c **** ***************************************************************************************************
  52:../src/r_cg_timer_user.c **** void r_tau0_channel0_interrupt(void)
  53:../src/r_cg_timer_user.c **** {
  39                             		.loc 1 53 0
  40                             		; start of function
  41                             		; push 8: ax bc de hl
  42 0000 61 CF                   		sel	rb0
  43 0002 C1                      		push	ax
  44                             	.LCFI0:
  45 0003 C3                      		push	bc
  46                             	.LCFI1:
  47 0004 C5                      		push	de
  48                             	.LCFI2:
  49 0005 C7                      		push	hl
  50                             	.LCFI3:
  54:../src/r_cg_timer_user.c ****     /* Start user code. Do not edit comment generated here */
  55:../src/r_cg_timer_user.c **** 	tick = 1;
  51                             		.loc 1 55 0
  52 0006 E6                      		onew	ax
  53 0007 BF 00 00                		movw	!_tick, ax
  56:../src/r_cg_timer_user.c ****     /* End user code. Do not edit comment generated here */
  57:../src/r_cg_timer_user.c **** }
  54                             		.loc 1 57 0
  55 000a C6                      		pop	hl
  56 000b C4                      		pop	de
  57 000c C2                      		pop	bc
  58 000d C0                      		pop	ax
  59 000e 61 FC                   		reti
  60                             	.LFE0:
  62                             		.global	_r_tau0_channel1_interrupt
  64                             	_r_tau0_channel1_interrupt:
  65                             	.LFB1:
  58:../src/r_cg_timer_user.c **** 
  59:../src/r_cg_timer_user.c **** /**************************************************************************************************
  60:../src/r_cg_timer_user.c **** * Function Name: r_tau0_channel1_interrupt
  61:../src/r_cg_timer_user.c **** * Description  : This function is INTTM01 interrupt service routine.
  62:../src/r_cg_timer_user.c **** * Arguments    : None
  63:../src/r_cg_timer_user.c **** * Return Value : None
  64:../src/r_cg_timer_user.c **** ***************************************************************************************************
  65:../src/r_cg_timer_user.c **** void r_tau0_channel1_interrupt(void)
  66:../src/r_cg_timer_user.c **** {
  66                             		.loc 1 66 0
  67                             		; start of function
  68                             		; push 10: ax bc de hl r8
  69 0010 61 CF                   		sel	rb0
  70 0012 C1                      		push	ax
  71                             	.LCFI4:
  72 0013 C3                      		push	bc
  73                             	.LCFI5:
  74 0014 C5                      		push	de
  75                             	.LCFI6:
  76 0015 C7                      		push	hl
  77                             	.LCFI7:
  78 0016 61 DF                   		sel	rb1
  79 0018 C1                      		push	ax ; r8
  80                             	.LCFI8:
  81 0019 61 CF                   		sel	rb0
  67:../src/r_cg_timer_user.c ****     /* Start user code. Do not edit comment generated here */
  68:../src/r_cg_timer_user.c **** 	OWtimer++;
  82                             		.loc 1 68 0
  83 001b AF 00 00                		movw	ax, !_OWtimer
  84 001e BD F0                   		movw	r8, ax
  85 0020 A6 F0                   		incw	r8
  86 0022 AD F0                   		movw	ax, r8
  87 0024 BF 00 00                		movw	!_OWtimer, ax
  69:../src/r_cg_timer_user.c ****     /* End user code. Do not edit comment generated here */
  70:../src/r_cg_timer_user.c **** }
  88                             		.loc 1 70 0
  89 0027 61 DF                   		sel	rb1
  90 0029 C0                      		pop	ax ; r8
  91 002a 61 CF                   		sel	rb0
  92 002c C6                      		pop	hl
  93 002d C4                      		pop	de
  94 002e C2                      		pop	bc
  95 002f C0                      		pop	ax
  96 0030 61 FC                   		reti
  97                             	.LFE1:
 187                             	.Letext0:
