   1                             	r8	=	0xffef0
   2                             	r16	=	0xffee8
   3                             	r24	=	0xffee0
   4                             	r9	=	0xffef1
   5                             	r17	=	0xffee9
   6                             	r25	=	0xffee1
   7                             	r10	=	0xffef2
   8                             	r18	=	0xffeea
   9                             	r26	=	0xffee2
  10                             	r11	=	0xffef3
  11                             	r19	=	0xffeeb
  12                             	r27	=	0xffee3
  13                             	r12	=	0xffef4
  14                             	r20	=	0xffeec
  15                             	r28	=	0xffee4
  16                             	r13	=	0xffef5
  17                             	r21	=	0xffeed
  18                             	r29	=	0xffee5
  19                             	r14	=	0xffef6
  20                             	r22	=	0xffeee
  21                             	r30	=	0xffee6
  22                             	r15	=	0xffef7
  23                             	r23	=	0xffeef
  24                             	r31	=	0xffee7
  25                             	MDUC	=	0xf00e8
  26                             	MDAL	=	0xffff0
  27                             	MDAH	=	0xffff2
  28                             	MDBL	=	0xffff6
  29                             	MDBH	=	0xffff4
  30                             	MDCL	=	0xf00e0
  31                             	MDCH	=	0xf00e2
  32                             	.text
  33                             	.Ltext0:
  34                             		.comm	_tick,2,2
  35                             		.comm	_count,20,1
  36                             		.global	_timer1
  37                             	.bss
  38                             		.balign 2
  41                             	_timer1:
  42 0000 00 00                   		.zero	2
  43                             		.comm	_sec,2,2
  44                             		.section	.rodata
  45                             	.LC0:
  46 0000 55 6E 69 74 20 52 65 73 		.string	"Unit Reset!!!\r\n"
  46      65 74 21 21 21 0D 0A 00 
  47                             	.LC1:
  48 0010 74 69 6D 65 72 2D 25 64 		.string	"timer-%d\r\n"
  48      0D 0A 00 
  49                             	.text
  50                             		.global	_main
  52                             	_main:
  53                             	.LFB0:
  54                             		.file 1 "../src/r_main.c"
   1:../src/r_main.c **** /**************************************************************************************************
   2:../src/r_main.c **** * DISCLAIMER
   3:../src/r_main.c **** * This software is supplied by Renesas Electronics Corporation and is only intended for use with Re
   4:../src/r_main.c **** * No other uses are authorized. This software is owned by Renesas Electronics Corporation and is pr
   5:../src/r_main.c **** * applicable laws, including copyright laws. 
   6:../src/r_main.c **** * THIS SOFTWARE IS PROVIDED "AS IS" AND RENESAS MAKES NO WARRANTIESREGARDING THIS SOFTWARE, WHETHER
   7:../src/r_main.c **** * OR STATUTORY, INCLUDING BUT NOT LIMITED TO WARRANTIES OF MERCHANTABILITY, FITNESS FOR A PARTICULA
   8:../src/r_main.c **** * NON-INFRINGEMENT.  ALL SUCH WARRANTIES ARE EXPRESSLY DISCLAIMED.TO THE MAXIMUM EXTENT PERMITTED N
   9:../src/r_main.c **** * LAW, NEITHER RENESAS ELECTRONICS CORPORATION NOR ANY OF ITS AFFILIATED COMPANIES SHALL BE LIABLE 
  10:../src/r_main.c **** * INDIRECT, SPECIAL, INCIDENTAL OR CONSEQUENTIAL DAMAGES FOR ANY REASON RELATED TO THIS SOFTWARE, E
  11:../src/r_main.c **** * ITS AFFILIATES HAVE BEEN ADVISED OF THE POSSIBILITY OF SUCH DAMAGES.
  12:../src/r_main.c **** * Renesas reserves the right, without notice, to make changes to this software and to discontinue t
  13:../src/r_main.c **** * of this software. By using this software, you agree to the additional terms and conditions found 
  14:../src/r_main.c **** * following link:
  15:../src/r_main.c **** * http://www.renesas.com/disclaimer
  16:../src/r_main.c **** *
  17:../src/r_main.c **** * Copyright (C) 2011, 2016 Renesas Electronics Corporation. All rights reserved.
  18:../src/r_main.c **** ***************************************************************************************************
  19:../src/r_main.c **** 
  20:../src/r_main.c **** /**************************************************************************************************
  21:../src/r_main.c **** * File Name    : r_main.c
  22:../src/r_main.c **** * Version      : CodeGenerator for RL78/G13 V2.03.04.01 [11 Nov 2016]
  23:../src/r_main.c **** * Device(s)    : R5F100AC
  24:../src/r_main.c **** * Tool-Chain   : GCCRL78
  25:../src/r_main.c **** * Description  : This file implements main function.
  26:../src/r_main.c **** * Creation Date: 7/11/2018
  27:../src/r_main.c **** ***************************************************************************************************
  28:../src/r_main.c **** 
  29:../src/r_main.c **** /**************************************************************************************************
  30:../src/r_main.c **** Includes
  31:../src/r_main.c **** ***************************************************************************************************
  32:../src/r_main.c **** #include "r_cg_macrodriver.h"
  33:../src/r_main.c **** #include "r_cg_cgc.h"
  34:../src/r_main.c **** #include "r_cg_port.h"
  35:../src/r_main.c **** #include "r_cg_serial.h"
  36:../src/r_main.c **** #include "r_cg_timer.h"
  37:../src/r_main.c **** #include "r_cg_wdt.h"
  38:../src/r_main.c **** /* Start user code for include. Do not edit comment generated here */
  39:../src/r_main.c **** #include "stdio.h"
  40:../src/r_main.c **** #include "board.h"
  41:../src/r_main.c **** #include <string.h>
  42:../src/r_main.c **** #include "OW.h"
  43:../src/r_main.c **** /* End user code. Do not edit comment generated here */
  44:../src/r_main.c **** #include "r_cg_userdefine.h"
  45:../src/r_main.c **** 
  46:../src/r_main.c **** /**************************************************************************************************
  47:../src/r_main.c **** Global variables and functions
  48:../src/r_main.c **** ***************************************************************************************************
  49:../src/r_main.c **** /* Start user code for global. Do not edit comment generated here */
  50:../src/r_main.c **** int tick;
  51:../src/r_main.c **** char count[20];
  52:../src/r_main.c **** int timer1 = 0;
  53:../src/r_main.c **** int sec;
  54:../src/r_main.c **** /* End user code. Do not edit comment generated here */
  55:../src/r_main.c **** void R_MAIN_UserInit(void);
  56:../src/r_main.c **** 
  57:../src/r_main.c **** /**************************************************************************************************
  58:../src/r_main.c **** * Function Name: main
  59:../src/r_main.c **** * Description  : This function implements main function.
  60:../src/r_main.c **** * Arguments    : None
  61:../src/r_main.c **** * Return Value : None
  62:../src/r_main.c **** ***************************************************************************************************
  63:../src/r_main.c **** void main(void)
  64:../src/r_main.c **** {
  55                             		.loc 1 64 0
  56                             		; start of function
  57                             		; outgoing: 6 bytes
  58 0000 20 06                   		subw	sp, #6
  59                             	.LCFI0:
  65:../src/r_main.c ****     R_MAIN_UserInit();
  60                             		.loc 1 65 0
  61 0002 FC 00 00 00             		call	!!%code(_R_MAIN_UserInit)
  66:../src/r_main.c ****     /* Start user code. Do not edit comment generated here */
  67:../src/r_main.c ****     UART_Tx("Unit Reset!!!\r\n");
  62                             		.loc 1 67 0
  63 0006 30 00 00                		movw	ax, #.LC0
  64 0009 B8 00                   		movw	[sp], ax
  65 000b FC 00 00 00             		call	!!%code(_UART_Tx)
  66                             	.L3:
  68:../src/r_main.c ****     while (1U)
  69:../src/r_main.c ****     {
  70:../src/r_main.c **** 
  71:../src/r_main.c ****     	//if (TAGO == 0)LED1 ^= 1;
  72:../src/r_main.c ****     	//if (IMMOB == 0)LED2 ^= 1;
  73:../src/r_main.c ****     	//if (OUTPUTA == 0)LED3 ^= 1;
  74:../src/r_main.c ****     	//if (TAGLED == 0)LED4 ^= 1;
  75:../src/r_main.c **** 
  76:../src/r_main.c **** 		if (tick == 1){
  67                             		.loc 1 76 0
  68 000f AF 00 00                		movw	ax, !_tick
  69 0012 BD F0                   		movw	r8, ax
  70 0014 44 01 00                		cmpw	ax, #1
  71 0017 61 E8                   		 skz
  72 0019 EC 89 00 00             		 br	!!.L2
  77:../src/r_main.c **** 			tick = 0;
  73                             		.loc 1 77 0
  74 001d F6                      		clrw	ax
  75 001e BF 00 00                		movw	!_tick, ax
  78:../src/r_main.c **** 			timer1++;
  76                             		.loc 1 78 0
  77 0021 AF 00 00                		movw	ax, !_timer1
  78 0024 BD F0                   		movw	r8, ax
  79 0026 A6 F0                   		incw	r8
  80 0028 AD F0                   		movw	ax, r8
  81 002a BF 00 00                		movw	!_timer1, ax
  79:../src/r_main.c **** 			if (timer1 == 50){
  82                             		.loc 1 79 0
  83 002d BD F0                   		movw	r8, ax
  84 002f 44 32 00                		cmpw	ax, #50
  85 0032 61 E8                   		 skz
  86 0034 EC 89 00 00             		 br	!!.L2
  80:../src/r_main.c **** 				timer1 = 0;
  87                             		.loc 1 80 0
  88 0038 F6                      		clrw	ax
  89 0039 BF 00 00                		movw	!_timer1, ax
  81:../src/r_main.c **** 				LED1 ^= 1;
  90                             		.loc 1 81 0
  91 003c C9 F2 02 FF             		movw	r10, #-254
  92 0040 C9 F0 02 FF             		movw	r8, #-254
  93 0044 AD F0                   		movw	ax, r8
  94 0046 BD F4                   		movw	r12, ax
  95 0048 FA F4                   		movw	hl, r12
  96 004a 8B                      		mov	a, [hl]
  97 004b 31 69                   		shl	a, 6
  98 004d 31 7A                   		shr	a, 7 ;extzvmisalignqi a,[hl],#1,#1
  99 004f 9D F0                   		mov	r8, a
 100 0051 7A F0 01                		xor	r8, #1
 101 0054 5A F0 01                		and	r8, #1
 102 0057 AD F2                   		movw	ax, r10
 103 0059 BD F4                   		movw	r12, ax
 104 005b FA F4                   		movw	hl, r12
 105 005d 71 04 F0                		mov1	CY, r8.0
 106 0060 71 91                   		mov1	[hl].1, CY ;insvmisalignqi [hl],#1,#1,r8 {0}
  82:../src/r_main.c **** 				//
  83:../src/r_main.c **** 				//INPUTA ^= 1;
  84:../src/r_main.c **** 				//PANIC ^= 1;
  85:../src/r_main.c **** 				sprintf(count, "timer-%d\r\n", sec);
 107                             		.loc 1 85 0
 108 0062 AF 00 00                		movw	ax, !_sec
 109 0065 BD F0                   		movw	r8, ax
 110 0067 30 00 00                		movw	ax, #_count
 111 006a B8 00                   		movw	[sp], ax
 112 006c 30 10 00                		movw	ax, #.LC1
 113 006f B8 02                   		movw	[sp+2], ax
 114 0071 AD F0                   		movw	ax, r8
 115 0073 B8 04                   		movw	[sp+4], ax
 116 0075 FC 00 00 00             		call	!!%code(_sprintf)
  86:../src/r_main.c **** 				sec++;
 117                             		.loc 1 86 0
 118 0079 AF 00 00                		movw	ax, !_sec
 119 007c BD F0                   		movw	r8, ax
 120 007e A6 F0                   		incw	r8
 121 0080 AD F0                   		movw	ax, r8
 122 0082 BF 00 00                		movw	!_sec, ax
  87:../src/r_main.c **** 				//UART_Tx(count);
  88:../src/r_main.c **** 				ResetWait();
 123                             		.loc 1 88 0
 124 0085 FC 00 00 00             		call	!!%code(_ResetWait)
 125                             	.L2:
  89:../src/r_main.c **** 			}
  90:../src/r_main.c **** 		}
  91:../src/r_main.c ****     }
 126                             		.loc 1 91 0
 127 0089 EC 0F 00 00             		br	!!.L3
 128                             	.LFE0:
 130                             		.global	_R_MAIN_UserInit
 132                             	_R_MAIN_UserInit:
 133                             	.LFB1:
  92:../src/r_main.c ****     /* End user code. Do not edit comment generated here */
  93:../src/r_main.c **** }
  94:../src/r_main.c **** 
  95:../src/r_main.c **** 
  96:../src/r_main.c **** /**************************************************************************************************
  97:../src/r_main.c **** * Function Name: R_MAIN_UserInit
  98:../src/r_main.c **** * Description  : This function adds user code before implementing main function.
  99:../src/r_main.c **** * Arguments    : None
 100:../src/r_main.c **** * Return Value : None
 101:../src/r_main.c **** ***************************************************************************************************
 102:../src/r_main.c **** void R_MAIN_UserInit(void)
 103:../src/r_main.c **** {
 134                             		.loc 1 103 0
 104:../src/r_main.c ****     /* Start user code. Do not edit comment generated here */
 105:../src/r_main.c ****     EI();
 135                             		.loc 1 105 0
 136                             	 ; 105 "../src/r_main.c" 1
 137 008d 71 7A FA                		ei
 138                             	 ; 0 "" 2
 106:../src/r_main.c ****     R_TAU0_Channel0_Start();
 139                             		.loc 1 106 0
 140 0090 FC 00 00 00             		call	!!%code(_R_TAU0_Channel0_Start)
 107:../src/r_main.c ****     R_TAU0_Channel1_Start();
 141                             		.loc 1 107 0
 142 0094 FC 00 00 00             		call	!!%code(_R_TAU0_Channel1_Start)
 108:../src/r_main.c ****     R_UART0_Start();
 143                             		.loc 1 108 0
 144 0098 FC 00 00 00             		call	!!%code(_R_UART0_Start)
 109:../src/r_main.c ****     /* End user code. Do not edit comment generated here */
 110:../src/r_main.c **** }
 145                             		.loc 1 110 0
 146 009c D7                      		ret
 147                             	.LFE1:
 187                             	.Letext0:
 188                             		.file 2 "../src/iodefine.h"
